2021-03-19 12:20:48.964  INFO 15884 --- [main] c.s.aws.dynamodb.web.ApplicationKt       : Starting ApplicationKt using Java 15.0.1 on hp with PID 15884 (C:\Projects\kotlin-peojects\dynamodb-monitoring\web\build\classes\kotlin\main started by siya_srwa in C:\Projects\kotlin-peojects\dynamodb-monitoring\web)
2021-03-19 12:20:48.967  INFO 15884 --- [main] c.s.aws.dynamodb.web.ApplicationKt       : No active profile set, falling back to default profiles: default
2021-03-19 12:20:49.107  WARN 15884 --- [background-preinit] o.s.h.c.j.Jackson2ObjectMapperBuilder    : For Jackson Kotlin classes support please add "com.fasterxml.jackson.module:jackson-module-kotlin" to the classpath
2021-03-19 12:20:49.216  WARN 15884 --- [main] onfigReactiveWebServerApplicationContext : Exception encountered during context initialization - cancelling refresh attempt: org.springframework.beans.factory.BeanDefinitionStoreException: Failed to parse configuration class [com.siyamand.aws.dynamodb.web.Application]; nested exception is java.io.FileNotFoundException: class path resource [com/siyamand/aws/dynamodb/infrastructure/config/InfrastructureConfiguration.class] cannot be opened because it does not exist
2021-03-19 12:20:49.245 ERROR 15884 --- [main] o.s.boot.SpringApplication               : Application run failed

org.springframework.beans.factory.BeanDefinitionStoreException: Failed to parse configuration class [com.siyamand.aws.dynamodb.web.Application]; nested exception is java.io.FileNotFoundException: class path resource [com/siyamand/aws/dynamodb/infrastructure/config/InfrastructureConfiguration.class] cannot be opened because it does not exist
	at org.springframework.context.annotation.ConfigurationClassParser.parse(ConfigurationClassParser.java:189) ~[spring-context-5.3.1.jar:5.3.1]
	at org.springframework.context.annotation.ConfigurationClassPostProcessor.processConfigBeanDefinitions(ConfigurationClassPostProcessor.java:336) ~[spring-context-5.3.1.jar:5.3.1]
	at org.springframework.context.annotation.ConfigurationClassPostProcessor.postProcessBeanDefinitionRegistry(ConfigurationClassPostProcessor.java:252) ~[spring-context-5.3.1.jar:5.3.1]
	at org.springframework.context.support.PostProcessorRegistrationDelegate.invokeBeanDefinitionRegistryPostProcessors(PostProcessorRegistrationDelegate.java:285) ~[spring-context-5.3.1.jar:5.3.1]
	at org.springframework.context.support.PostProcessorRegistrationDelegate.invokeBeanFactoryPostProcessors(PostProcessorRegistrationDelegate.java:99) ~[spring-context-5.3.1.jar:5.3.1]
	at org.springframework.context.support.AbstractApplicationContext.invokeBeanFactoryPostProcessors(AbstractApplicationContext.java:751) ~[spring-context-5.3.1.jar:5.3.1]
	at org.springframework.context.support.AbstractApplicationContext.refresh(AbstractApplicationContext.java:569) ~[spring-context-5.3.1.jar:5.3.1]
	at org.springframework.boot.web.reactive.context.ReactiveWebServerApplicationContext.refresh(ReactiveWebServerApplicationContext.java:63) ~[spring-boot-2.4.0.jar:2.4.0]
	at org.springframework.boot.SpringApplication.refresh(SpringApplication.java:767) ~[spring-boot-2.4.0.jar:2.4.0]
	at org.springframework.boot.SpringApplication.refresh(SpringApplication.java:759) ~[spring-boot-2.4.0.jar:2.4.0]
	at org.springframework.boot.SpringApplication.refreshContext(SpringApplication.java:426) ~[spring-boot-2.4.0.jar:2.4.0]
	at org.springframework.boot.SpringApplication.run(SpringApplication.java:326) ~[spring-boot-2.4.0.jar:2.4.0]
	at org.springframework.boot.SpringApplication.run(SpringApplication.java:1309) ~[spring-boot-2.4.0.jar:2.4.0]
	at org.springframework.boot.SpringApplication.run(SpringApplication.java:1298) ~[spring-boot-2.4.0.jar:2.4.0]
	at com.siyamand.aws.dynamodb.web.ApplicationKt.main(Application.kt:19) ~[main/:na]
Caused by: java.io.FileNotFoundException: class path resource [com/siyamand/aws/dynamodb/infrastructure/config/InfrastructureConfiguration.class] cannot be opened because it does not exist
	at org.springframework.core.io.ClassPathResource.getInputStream(ClassPathResource.java:180) ~[spring-core-5.3.1.jar:5.3.1]
	at org.springframework.core.type.classreading.SimpleMetadataReader.getClassReader(SimpleMetadataReader.java:55) ~[spring-core-5.3.1.jar:5.3.1]
	at org.springframework.core.type.classreading.SimpleMetadataReader.<init>(SimpleMetadataReader.java:49) ~[spring-core-5.3.1.jar:5.3.1]
	at org.springframework.core.type.classreading.SimpleMetadataReaderFactory.getMetadataReader(SimpleMetadataReaderFactory.java:103) ~[spring-core-5.3.1.jar:5.3.1]
	at org.springframework.boot.type.classreading.ConcurrentReferenceCachingMetadataReaderFactory.createMetadataReader(ConcurrentReferenceCachingMetadataReaderFactory.java:86) ~[spring-boot-2.4.0.jar:2.4.0]
	at org.springframework.boot.type.classreading.ConcurrentReferenceCachingMetadataReaderFactory.getMetadataReader(ConcurrentReferenceCachingMetadataReaderFactory.java:73) ~[spring-boot-2.4.0.jar:2.4.0]
	at org.springframework.core.type.classreading.SimpleMetadataReaderFactory.getMetadataReader(SimpleMetadataReaderFactory.java:81) ~[spring-core-5.3.1.jar:5.3.1]
	at org.springframework.context.annotation.ConfigurationClassParser.asSourceClass(ConfigurationClassParser.java:696) ~[spring-context-5.3.1.jar:5.3.1]
	at org.springframework.context.annotation.ConfigurationClassParser$SourceClass.getRelated(ConfigurationClassParser.java:1090) ~[spring-context-5.3.1.jar:5.3.1]
	at org.springframework.context.annotation.ConfigurationClassParser$SourceClass.getAnnotationAttributes(ConfigurationClassParser.java:1071) ~[spring-context-5.3.1.jar:5.3.1]
	at org.springframework.context.annotation.ConfigurationClassParser.collectImports(ConfigurationClassParser.java:549) ~[spring-context-5.3.1.jar:5.3.1]
	at org.springframework.context.annotation.ConfigurationClassParser.getImports(ConfigurationClassParser.java:522) ~[spring-context-5.3.1.jar:5.3.1]
	at org.springframework.context.annotation.ConfigurationClassParser.doProcessConfigurationClass(ConfigurationClassParser.java:311) ~[spring-context-5.3.1.jar:5.3.1]
	at org.springframework.context.annotation.ConfigurationClassParser.processConfigurationClass(ConfigurationClassParser.java:250) ~[spring-context-5.3.1.jar:5.3.1]
	at org.springframework.context.annotation.ConfigurationClassParser.parse(ConfigurationClassParser.java:207) ~[spring-context-5.3.1.jar:5.3.1]
	at org.springframework.context.annotation.ConfigurationClassParser.parse(ConfigurationClassParser.java:175) ~[spring-context-5.3.1.jar:5.3.1]
	... 14 common frames omitted

2021-03-19 12:30:39.670  INFO 21536 --- [main] c.s.aws.dynamodb.web.ApplicationKt       : Starting ApplicationKt using Java 15.0.1 on hp with PID 21536 (C:\Projects\kotlin-peojects\dynamodb-monitoring\web\build\classes\kotlin\main started by siya_srwa in C:\Projects\kotlin-peojects\dynamodb-monitoring\web)
2021-03-19 12:30:39.673  INFO 21536 --- [main] c.s.aws.dynamodb.web.ApplicationKt       : No active profile set, falling back to default profiles: default
2021-03-19 12:30:39.786  WARN 21536 --- [background-preinit] o.s.h.c.j.Jackson2ObjectMapperBuilder    : For Jackson Kotlin classes support please add "com.fasterxml.jackson.module:jackson-module-kotlin" to the classpath
2021-03-19 12:30:39.883  WARN 21536 --- [main] onfigReactiveWebServerApplicationContext : Exception encountered during context initialization - cancelling refresh attempt: org.springframework.beans.factory.BeanDefinitionStoreException: Failed to parse configuration class [com.siyamand.aws.dynamodb.web.Application]; nested exception is java.io.FileNotFoundException: class path resource [com/siyamand/aws/dynamodb/infrastructure/config/InfrastructureConfiguration.class] cannot be opened because it does not exist
2021-03-19 12:30:39.906 ERROR 21536 --- [main] o.s.boot.SpringApplication               : Application run failed

org.springframework.beans.factory.BeanDefinitionStoreException: Failed to parse configuration class [com.siyamand.aws.dynamodb.web.Application]; nested exception is java.io.FileNotFoundException: class path resource [com/siyamand/aws/dynamodb/infrastructure/config/InfrastructureConfiguration.class] cannot be opened because it does not exist
	at org.springframework.context.annotation.ConfigurationClassParser.parse(ConfigurationClassParser.java:189) ~[spring-context-5.3.1.jar:5.3.1]
	at org.springframework.context.annotation.ConfigurationClassPostProcessor.processConfigBeanDefinitions(ConfigurationClassPostProcessor.java:336) ~[spring-context-5.3.1.jar:5.3.1]
	at org.springframework.context.annotation.ConfigurationClassPostProcessor.postProcessBeanDefinitionRegistry(ConfigurationClassPostProcessor.java:252) ~[spring-context-5.3.1.jar:5.3.1]
	at org.springframework.context.support.PostProcessorRegistrationDelegate.invokeBeanDefinitionRegistryPostProcessors(PostProcessorRegistrationDelegate.java:285) ~[spring-context-5.3.1.jar:5.3.1]
	at org.springframework.context.support.PostProcessorRegistrationDelegate.invokeBeanFactoryPostProcessors(PostProcessorRegistrationDelegate.java:99) ~[spring-context-5.3.1.jar:5.3.1]
	at org.springframework.context.support.AbstractApplicationContext.invokeBeanFactoryPostProcessors(AbstractApplicationContext.java:751) ~[spring-context-5.3.1.jar:5.3.1]
	at org.springframework.context.support.AbstractApplicationContext.refresh(AbstractApplicationContext.java:569) ~[spring-context-5.3.1.jar:5.3.1]
	at org.springframework.boot.web.reactive.context.ReactiveWebServerApplicationContext.refresh(ReactiveWebServerApplicationContext.java:63) ~[spring-boot-2.4.0.jar:2.4.0]
	at org.springframework.boot.SpringApplication.refresh(SpringApplication.java:767) ~[spring-boot-2.4.0.jar:2.4.0]
	at org.springframework.boot.SpringApplication.refresh(SpringApplication.java:759) ~[spring-boot-2.4.0.jar:2.4.0]
	at org.springframework.boot.SpringApplication.refreshContext(SpringApplication.java:426) ~[spring-boot-2.4.0.jar:2.4.0]
	at org.springframework.boot.SpringApplication.run(SpringApplication.java:326) ~[spring-boot-2.4.0.jar:2.4.0]
	at org.springframework.boot.SpringApplication.run(SpringApplication.java:1309) ~[spring-boot-2.4.0.jar:2.4.0]
	at org.springframework.boot.SpringApplication.run(SpringApplication.java:1298) ~[spring-boot-2.4.0.jar:2.4.0]
	at com.siyamand.aws.dynamodb.web.ApplicationKt.main(Application.kt:19) ~[main/:na]
Caused by: java.io.FileNotFoundException: class path resource [com/siyamand/aws/dynamodb/infrastructure/config/InfrastructureConfiguration.class] cannot be opened because it does not exist
	at org.springframework.core.io.ClassPathResource.getInputStream(ClassPathResource.java:180) ~[spring-core-5.3.1.jar:5.3.1]
	at org.springframework.core.type.classreading.SimpleMetadataReader.getClassReader(SimpleMetadataReader.java:55) ~[spring-core-5.3.1.jar:5.3.1]
	at org.springframework.core.type.classreading.SimpleMetadataReader.<init>(SimpleMetadataReader.java:49) ~[spring-core-5.3.1.jar:5.3.1]
	at org.springframework.core.type.classreading.SimpleMetadataReaderFactory.getMetadataReader(SimpleMetadataReaderFactory.java:103) ~[spring-core-5.3.1.jar:5.3.1]
	at org.springframework.boot.type.classreading.ConcurrentReferenceCachingMetadataReaderFactory.createMetadataReader(ConcurrentReferenceCachingMetadataReaderFactory.java:86) ~[spring-boot-2.4.0.jar:2.4.0]
	at org.springframework.boot.type.classreading.ConcurrentReferenceCachingMetadataReaderFactory.getMetadataReader(ConcurrentReferenceCachingMetadataReaderFactory.java:73) ~[spring-boot-2.4.0.jar:2.4.0]
	at org.springframework.core.type.classreading.SimpleMetadataReaderFactory.getMetadataReader(SimpleMetadataReaderFactory.java:81) ~[spring-core-5.3.1.jar:5.3.1]
	at org.springframework.context.annotation.ConfigurationClassParser.asSourceClass(ConfigurationClassParser.java:696) ~[spring-context-5.3.1.jar:5.3.1]
	at org.springframework.context.annotation.ConfigurationClassParser$SourceClass.getRelated(ConfigurationClassParser.java:1090) ~[spring-context-5.3.1.jar:5.3.1]
	at org.springframework.context.annotation.ConfigurationClassParser$SourceClass.getAnnotationAttributes(ConfigurationClassParser.java:1071) ~[spring-context-5.3.1.jar:5.3.1]
	at org.springframework.context.annotation.ConfigurationClassParser.collectImports(ConfigurationClassParser.java:549) ~[spring-context-5.3.1.jar:5.3.1]
	at org.springframework.context.annotation.ConfigurationClassParser.getImports(ConfigurationClassParser.java:522) ~[spring-context-5.3.1.jar:5.3.1]
	at org.springframework.context.annotation.ConfigurationClassParser.doProcessConfigurationClass(ConfigurationClassParser.java:311) ~[spring-context-5.3.1.jar:5.3.1]
	at org.springframework.context.annotation.ConfigurationClassParser.processConfigurationClass(ConfigurationClassParser.java:250) ~[spring-context-5.3.1.jar:5.3.1]
	at org.springframework.context.annotation.ConfigurationClassParser.parse(ConfigurationClassParser.java:207) ~[spring-context-5.3.1.jar:5.3.1]
	at org.springframework.context.annotation.ConfigurationClassParser.parse(ConfigurationClassParser.java:175) ~[spring-context-5.3.1.jar:5.3.1]
	... 14 common frames omitted

2021-03-19 12:31:24.520  INFO 18844 --- [main] c.s.aws.dynamodb.web.ApplicationKt       : Starting ApplicationKt using Java 15.0.1 on hp with PID 18844 (C:\Projects\kotlin-peojects\dynamodb-monitoring\web\build\classes\kotlin\main started by siya_srwa in C:\Projects\kotlin-peojects\dynamodb-monitoring\web)
2021-03-19 12:31:24.523  INFO 18844 --- [main] c.s.aws.dynamodb.web.ApplicationKt       : No active profile set, falling back to default profiles: default
2021-03-19 12:31:24.636  WARN 18844 --- [background-preinit] o.s.h.c.j.Jackson2ObjectMapperBuilder    : For Jackson Kotlin classes support please add "com.fasterxml.jackson.module:jackson-module-kotlin" to the classpath
2021-03-19 12:31:24.739  WARN 18844 --- [main] onfigReactiveWebServerApplicationContext : Exception encountered during context initialization - cancelling refresh attempt: org.springframework.beans.factory.BeanDefinitionStoreException: Failed to parse configuration class [com.siyamand.aws.dynamodb.web.Application]; nested exception is java.io.FileNotFoundException: class path resource [com/siyamand/aws/dynamodb/infrastructure/config/InfrastructureConfiguration.class] cannot be opened because it does not exist
2021-03-19 12:31:24.763 ERROR 18844 --- [main] o.s.boot.SpringApplication               : Application run failed

org.springframework.beans.factory.BeanDefinitionStoreException: Failed to parse configuration class [com.siyamand.aws.dynamodb.web.Application]; nested exception is java.io.FileNotFoundException: class path resource [com/siyamand/aws/dynamodb/infrastructure/config/InfrastructureConfiguration.class] cannot be opened because it does not exist
	at org.springframework.context.annotation.ConfigurationClassParser.parse(ConfigurationClassParser.java:189) ~[spring-context-5.3.1.jar:5.3.1]
	at org.springframework.context.annotation.ConfigurationClassPostProcessor.processConfigBeanDefinitions(ConfigurationClassPostProcessor.java:336) ~[spring-context-5.3.1.jar:5.3.1]
	at org.springframework.context.annotation.ConfigurationClassPostProcessor.postProcessBeanDefinitionRegistry(ConfigurationClassPostProcessor.java:252) ~[spring-context-5.3.1.jar:5.3.1]
	at org.springframework.context.support.PostProcessorRegistrationDelegate.invokeBeanDefinitionRegistryPostProcessors(PostProcessorRegistrationDelegate.java:285) ~[spring-context-5.3.1.jar:5.3.1]
	at org.springframework.context.support.PostProcessorRegistrationDelegate.invokeBeanFactoryPostProcessors(PostProcessorRegistrationDelegate.java:99) ~[spring-context-5.3.1.jar:5.3.1]
	at org.springframework.context.support.AbstractApplicationContext.invokeBeanFactoryPostProcessors(AbstractApplicationContext.java:751) ~[spring-context-5.3.1.jar:5.3.1]
	at org.springframework.context.support.AbstractApplicationContext.refresh(AbstractApplicationContext.java:569) ~[spring-context-5.3.1.jar:5.3.1]
	at org.springframework.boot.web.reactive.context.ReactiveWebServerApplicationContext.refresh(ReactiveWebServerApplicationContext.java:63) ~[spring-boot-2.4.0.jar:2.4.0]
	at org.springframework.boot.SpringApplication.refresh(SpringApplication.java:767) ~[spring-boot-2.4.0.jar:2.4.0]
	at org.springframework.boot.SpringApplication.refresh(SpringApplication.java:759) ~[spring-boot-2.4.0.jar:2.4.0]
	at org.springframework.boot.SpringApplication.refreshContext(SpringApplication.java:426) ~[spring-boot-2.4.0.jar:2.4.0]
	at org.springframework.boot.SpringApplication.run(SpringApplication.java:326) ~[spring-boot-2.4.0.jar:2.4.0]
	at org.springframework.boot.SpringApplication.run(SpringApplication.java:1309) ~[spring-boot-2.4.0.jar:2.4.0]
	at org.springframework.boot.SpringApplication.run(SpringApplication.java:1298) ~[spring-boot-2.4.0.jar:2.4.0]
	at com.siyamand.aws.dynamodb.web.ApplicationKt.main(Application.kt:19) ~[main/:na]
Caused by: java.io.FileNotFoundException: class path resource [com/siyamand/aws/dynamodb/infrastructure/config/InfrastructureConfiguration.class] cannot be opened because it does not exist
	at org.springframework.core.io.ClassPathResource.getInputStream(ClassPathResource.java:180) ~[spring-core-5.3.1.jar:5.3.1]
	at org.springframework.core.type.classreading.SimpleMetadataReader.getClassReader(SimpleMetadataReader.java:55) ~[spring-core-5.3.1.jar:5.3.1]
	at org.springframework.core.type.classreading.SimpleMetadataReader.<init>(SimpleMetadataReader.java:49) ~[spring-core-5.3.1.jar:5.3.1]
	at org.springframework.core.type.classreading.SimpleMetadataReaderFactory.getMetadataReader(SimpleMetadataReaderFactory.java:103) ~[spring-core-5.3.1.jar:5.3.1]
	at org.springframework.boot.type.classreading.ConcurrentReferenceCachingMetadataReaderFactory.createMetadataReader(ConcurrentReferenceCachingMetadataReaderFactory.java:86) ~[spring-boot-2.4.0.jar:2.4.0]
	at org.springframework.boot.type.classreading.ConcurrentReferenceCachingMetadataReaderFactory.getMetadataReader(ConcurrentReferenceCachingMetadataReaderFactory.java:73) ~[spring-boot-2.4.0.jar:2.4.0]
	at org.springframework.core.type.classreading.SimpleMetadataReaderFactory.getMetadataReader(SimpleMetadataReaderFactory.java:81) ~[spring-core-5.3.1.jar:5.3.1]
	at org.springframework.context.annotation.ConfigurationClassParser.asSourceClass(ConfigurationClassParser.java:696) ~[spring-context-5.3.1.jar:5.3.1]
	at org.springframework.context.annotation.ConfigurationClassParser$SourceClass.getRelated(ConfigurationClassParser.java:1090) ~[spring-context-5.3.1.jar:5.3.1]
	at org.springframework.context.annotation.ConfigurationClassParser$SourceClass.getAnnotationAttributes(ConfigurationClassParser.java:1071) ~[spring-context-5.3.1.jar:5.3.1]
	at org.springframework.context.annotation.ConfigurationClassParser.collectImports(ConfigurationClassParser.java:549) ~[spring-context-5.3.1.jar:5.3.1]
	at org.springframework.context.annotation.ConfigurationClassParser.getImports(ConfigurationClassParser.java:522) ~[spring-context-5.3.1.jar:5.3.1]
	at org.springframework.context.annotation.ConfigurationClassParser.doProcessConfigurationClass(ConfigurationClassParser.java:311) ~[spring-context-5.3.1.jar:5.3.1]
	at org.springframework.context.annotation.ConfigurationClassParser.processConfigurationClass(ConfigurationClassParser.java:250) ~[spring-context-5.3.1.jar:5.3.1]
	at org.springframework.context.annotation.ConfigurationClassParser.parse(ConfigurationClassParser.java:207) ~[spring-context-5.3.1.jar:5.3.1]
	at org.springframework.context.annotation.ConfigurationClassParser.parse(ConfigurationClassParser.java:175) ~[spring-context-5.3.1.jar:5.3.1]
	... 14 common frames omitted

2021-03-19 12:32:05.976  INFO 16984 --- [main] c.s.aws.dynamodb.web.ApplicationKt       : Starting ApplicationKt using Java 15.0.1 on hp with PID 16984 (C:\Projects\kotlin-peojects\dynamodb-monitoring\web\build\classes\kotlin\main started by siya_srwa in C:\Projects\kotlin-peojects\dynamodb-monitoring\web)
2021-03-19 12:32:05.978  INFO 16984 --- [main] c.s.aws.dynamodb.web.ApplicationKt       : No active profile set, falling back to default profiles: default
2021-03-19 12:32:06.090  WARN 16984 --- [background-preinit] o.s.h.c.j.Jackson2ObjectMapperBuilder    : For Jackson Kotlin classes support please add "com.fasterxml.jackson.module:jackson-module-kotlin" to the classpath
2021-03-19 12:32:06.182  WARN 16984 --- [main] onfigReactiveWebServerApplicationContext : Exception encountered during context initialization - cancelling refresh attempt: org.springframework.beans.factory.BeanDefinitionStoreException: Failed to parse configuration class [com.siyamand.aws.dynamodb.web.Application]; nested exception is java.io.FileNotFoundException: class path resource [com/siyamand/aws/dynamodb/infrastructure/config/InfrastructureConfiguration.class] cannot be opened because it does not exist
2021-03-19 12:32:06.206 ERROR 16984 --- [main] o.s.boot.SpringApplication               : Application run failed

org.springframework.beans.factory.BeanDefinitionStoreException: Failed to parse configuration class [com.siyamand.aws.dynamodb.web.Application]; nested exception is java.io.FileNotFoundException: class path resource [com/siyamand/aws/dynamodb/infrastructure/config/InfrastructureConfiguration.class] cannot be opened because it does not exist
	at org.springframework.context.annotation.ConfigurationClassParser.parse(ConfigurationClassParser.java:189) ~[spring-context-5.3.1.jar:5.3.1]
	at org.springframework.context.annotation.ConfigurationClassPostProcessor.processConfigBeanDefinitions(ConfigurationClassPostProcessor.java:336) ~[spring-context-5.3.1.jar:5.3.1]
	at org.springframework.context.annotation.ConfigurationClassPostProcessor.postProcessBeanDefinitionRegistry(ConfigurationClassPostProcessor.java:252) ~[spring-context-5.3.1.jar:5.3.1]
	at org.springframework.context.support.PostProcessorRegistrationDelegate.invokeBeanDefinitionRegistryPostProcessors(PostProcessorRegistrationDelegate.java:285) ~[spring-context-5.3.1.jar:5.3.1]
	at org.springframework.context.support.PostProcessorRegistrationDelegate.invokeBeanFactoryPostProcessors(PostProcessorRegistrationDelegate.java:99) ~[spring-context-5.3.1.jar:5.3.1]
	at org.springframework.context.support.AbstractApplicationContext.invokeBeanFactoryPostProcessors(AbstractApplicationContext.java:751) ~[spring-context-5.3.1.jar:5.3.1]
	at org.springframework.context.support.AbstractApplicationContext.refresh(AbstractApplicationContext.java:569) ~[spring-context-5.3.1.jar:5.3.1]
	at org.springframework.boot.web.reactive.context.ReactiveWebServerApplicationContext.refresh(ReactiveWebServerApplicationContext.java:63) ~[spring-boot-2.4.0.jar:2.4.0]
	at org.springframework.boot.SpringApplication.refresh(SpringApplication.java:767) ~[spring-boot-2.4.0.jar:2.4.0]
	at org.springframework.boot.SpringApplication.refresh(SpringApplication.java:759) ~[spring-boot-2.4.0.jar:2.4.0]
	at org.springframework.boot.SpringApplication.refreshContext(SpringApplication.java:426) ~[spring-boot-2.4.0.jar:2.4.0]
	at org.springframework.boot.SpringApplication.run(SpringApplication.java:326) ~[spring-boot-2.4.0.jar:2.4.0]
	at org.springframework.boot.SpringApplication.run(SpringApplication.java:1309) ~[spring-boot-2.4.0.jar:2.4.0]
	at org.springframework.boot.SpringApplication.run(SpringApplication.java:1298) ~[spring-boot-2.4.0.jar:2.4.0]
	at com.siyamand.aws.dynamodb.web.ApplicationKt.main(Application.kt:19) ~[main/:na]
Caused by: java.io.FileNotFoundException: class path resource [com/siyamand/aws/dynamodb/infrastructure/config/InfrastructureConfiguration.class] cannot be opened because it does not exist
	at org.springframework.core.io.ClassPathResource.getInputStream(ClassPathResource.java:180) ~[spring-core-5.3.1.jar:5.3.1]
	at org.springframework.core.type.classreading.SimpleMetadataReader.getClassReader(SimpleMetadataReader.java:55) ~[spring-core-5.3.1.jar:5.3.1]
	at org.springframework.core.type.classreading.SimpleMetadataReader.<init>(SimpleMetadataReader.java:49) ~[spring-core-5.3.1.jar:5.3.1]
	at org.springframework.core.type.classreading.SimpleMetadataReaderFactory.getMetadataReader(SimpleMetadataReaderFactory.java:103) ~[spring-core-5.3.1.jar:5.3.1]
	at org.springframework.boot.type.classreading.ConcurrentReferenceCachingMetadataReaderFactory.createMetadataReader(ConcurrentReferenceCachingMetadataReaderFactory.java:86) ~[spring-boot-2.4.0.jar:2.4.0]
	at org.springframework.boot.type.classreading.ConcurrentReferenceCachingMetadataReaderFactory.getMetadataReader(ConcurrentReferenceCachingMetadataReaderFactory.java:73) ~[spring-boot-2.4.0.jar:2.4.0]
	at org.springframework.core.type.classreading.SimpleMetadataReaderFactory.getMetadataReader(SimpleMetadataReaderFactory.java:81) ~[spring-core-5.3.1.jar:5.3.1]
	at org.springframework.context.annotation.ConfigurationClassParser.asSourceClass(ConfigurationClassParser.java:696) ~[spring-context-5.3.1.jar:5.3.1]
	at org.springframework.context.annotation.ConfigurationClassParser$SourceClass.getRelated(ConfigurationClassParser.java:1090) ~[spring-context-5.3.1.jar:5.3.1]
	at org.springframework.context.annotation.ConfigurationClassParser$SourceClass.getAnnotationAttributes(ConfigurationClassParser.java:1071) ~[spring-context-5.3.1.jar:5.3.1]
	at org.springframework.context.annotation.ConfigurationClassParser.collectImports(ConfigurationClassParser.java:549) ~[spring-context-5.3.1.jar:5.3.1]
	at org.springframework.context.annotation.ConfigurationClassParser.getImports(ConfigurationClassParser.java:522) ~[spring-context-5.3.1.jar:5.3.1]
	at org.springframework.context.annotation.ConfigurationClassParser.doProcessConfigurationClass(ConfigurationClassParser.java:311) ~[spring-context-5.3.1.jar:5.3.1]
	at org.springframework.context.annotation.ConfigurationClassParser.processConfigurationClass(ConfigurationClassParser.java:250) ~[spring-context-5.3.1.jar:5.3.1]
	at org.springframework.context.annotation.ConfigurationClassParser.parse(ConfigurationClassParser.java:207) ~[spring-context-5.3.1.jar:5.3.1]
	at org.springframework.context.annotation.ConfigurationClassParser.parse(ConfigurationClassParser.java:175) ~[spring-context-5.3.1.jar:5.3.1]
	... 14 common frames omitted

2021-03-19 12:32:30.903  INFO 4508 --- [main] c.s.aws.dynamodb.web.ApplicationKt       : Starting ApplicationKt using Java 15.0.1 on hp with PID 4508 (C:\Projects\kotlin-peojects\dynamodb-monitoring\web\build\classes\kotlin\main started by siya_srwa in C:\Projects\kotlin-peojects\dynamodb-monitoring\web)
2021-03-19 12:32:30.906  INFO 4508 --- [main] c.s.aws.dynamodb.web.ApplicationKt       : No active profile set, falling back to default profiles: default
2021-03-19 12:32:31.016  WARN 4508 --- [background-preinit] o.s.h.c.j.Jackson2ObjectMapperBuilder    : For Jackson Kotlin classes support please add "com.fasterxml.jackson.module:jackson-module-kotlin" to the classpath
2021-03-19 12:32:31.111  WARN 4508 --- [main] onfigReactiveWebServerApplicationContext : Exception encountered during context initialization - cancelling refresh attempt: org.springframework.beans.factory.BeanDefinitionStoreException: Failed to parse configuration class [com.siyamand.aws.dynamodb.web.Application]; nested exception is java.io.FileNotFoundException: class path resource [com/siyamand/aws/dynamodb/infrastructure/config/InfrastructureConfiguration.class] cannot be opened because it does not exist
2021-03-19 12:32:31.134 ERROR 4508 --- [main] o.s.boot.SpringApplication               : Application run failed

org.springframework.beans.factory.BeanDefinitionStoreException: Failed to parse configuration class [com.siyamand.aws.dynamodb.web.Application]; nested exception is java.io.FileNotFoundException: class path resource [com/siyamand/aws/dynamodb/infrastructure/config/InfrastructureConfiguration.class] cannot be opened because it does not exist
	at org.springframework.context.annotation.ConfigurationClassParser.parse(ConfigurationClassParser.java:189) ~[spring-context-5.3.1.jar:5.3.1]
	at org.springframework.context.annotation.ConfigurationClassPostProcessor.processConfigBeanDefinitions(ConfigurationClassPostProcessor.java:336) ~[spring-context-5.3.1.jar:5.3.1]
	at org.springframework.context.annotation.ConfigurationClassPostProcessor.postProcessBeanDefinitionRegistry(ConfigurationClassPostProcessor.java:252) ~[spring-context-5.3.1.jar:5.3.1]
	at org.springframework.context.support.PostProcessorRegistrationDelegate.invokeBeanDefinitionRegistryPostProcessors(PostProcessorRegistrationDelegate.java:285) ~[spring-context-5.3.1.jar:5.3.1]
	at org.springframework.context.support.PostProcessorRegistrationDelegate.invokeBeanFactoryPostProcessors(PostProcessorRegistrationDelegate.java:99) ~[spring-context-5.3.1.jar:5.3.1]
	at org.springframework.context.support.AbstractApplicationContext.invokeBeanFactoryPostProcessors(AbstractApplicationContext.java:751) ~[spring-context-5.3.1.jar:5.3.1]
	at org.springframework.context.support.AbstractApplicationContext.refresh(AbstractApplicationContext.java:569) ~[spring-context-5.3.1.jar:5.3.1]
	at org.springframework.boot.web.reactive.context.ReactiveWebServerApplicationContext.refresh(ReactiveWebServerApplicationContext.java:63) ~[spring-boot-2.4.0.jar:2.4.0]
	at org.springframework.boot.SpringApplication.refresh(SpringApplication.java:767) ~[spring-boot-2.4.0.jar:2.4.0]
	at org.springframework.boot.SpringApplication.refresh(SpringApplication.java:759) ~[spring-boot-2.4.0.jar:2.4.0]
	at org.springframework.boot.SpringApplication.refreshContext(SpringApplication.java:426) ~[spring-boot-2.4.0.jar:2.4.0]
	at org.springframework.boot.SpringApplication.run(SpringApplication.java:326) ~[spring-boot-2.4.0.jar:2.4.0]
	at org.springframework.boot.SpringApplication.run(SpringApplication.java:1309) ~[spring-boot-2.4.0.jar:2.4.0]
	at org.springframework.boot.SpringApplication.run(SpringApplication.java:1298) ~[spring-boot-2.4.0.jar:2.4.0]
	at com.siyamand.aws.dynamodb.web.ApplicationKt.main(Application.kt:19) ~[main/:na]
Caused by: java.io.FileNotFoundException: class path resource [com/siyamand/aws/dynamodb/infrastructure/config/InfrastructureConfiguration.class] cannot be opened because it does not exist
	at org.springframework.core.io.ClassPathResource.getInputStream(ClassPathResource.java:180) ~[spring-core-5.3.1.jar:5.3.1]
	at org.springframework.core.type.classreading.SimpleMetadataReader.getClassReader(SimpleMetadataReader.java:55) ~[spring-core-5.3.1.jar:5.3.1]
	at org.springframework.core.type.classreading.SimpleMetadataReader.<init>(SimpleMetadataReader.java:49) ~[spring-core-5.3.1.jar:5.3.1]
	at org.springframework.core.type.classreading.SimpleMetadataReaderFactory.getMetadataReader(SimpleMetadataReaderFactory.java:103) ~[spring-core-5.3.1.jar:5.3.1]
	at org.springframework.boot.type.classreading.ConcurrentReferenceCachingMetadataReaderFactory.createMetadataReader(ConcurrentReferenceCachingMetadataReaderFactory.java:86) ~[spring-boot-2.4.0.jar:2.4.0]
	at org.springframework.boot.type.classreading.ConcurrentReferenceCachingMetadataReaderFactory.getMetadataReader(ConcurrentReferenceCachingMetadataReaderFactory.java:73) ~[spring-boot-2.4.0.jar:2.4.0]
	at org.springframework.core.type.classreading.SimpleMetadataReaderFactory.getMetadataReader(SimpleMetadataReaderFactory.java:81) ~[spring-core-5.3.1.jar:5.3.1]
	at org.springframework.context.annotation.ConfigurationClassParser.asSourceClass(ConfigurationClassParser.java:696) ~[spring-context-5.3.1.jar:5.3.1]
	at org.springframework.context.annotation.ConfigurationClassParser$SourceClass.getRelated(ConfigurationClassParser.java:1090) ~[spring-context-5.3.1.jar:5.3.1]
	at org.springframework.context.annotation.ConfigurationClassParser$SourceClass.getAnnotationAttributes(ConfigurationClassParser.java:1071) ~[spring-context-5.3.1.jar:5.3.1]
	at org.springframework.context.annotation.ConfigurationClassParser.collectImports(ConfigurationClassParser.java:549) ~[spring-context-5.3.1.jar:5.3.1]
	at org.springframework.context.annotation.ConfigurationClassParser.getImports(ConfigurationClassParser.java:522) ~[spring-context-5.3.1.jar:5.3.1]
	at org.springframework.context.annotation.ConfigurationClassParser.doProcessConfigurationClass(ConfigurationClassParser.java:311) ~[spring-context-5.3.1.jar:5.3.1]
	at org.springframework.context.annotation.ConfigurationClassParser.processConfigurationClass(ConfigurationClassParser.java:250) ~[spring-context-5.3.1.jar:5.3.1]
	at org.springframework.context.annotation.ConfigurationClassParser.parse(ConfigurationClassParser.java:207) ~[spring-context-5.3.1.jar:5.3.1]
	at org.springframework.context.annotation.ConfigurationClassParser.parse(ConfigurationClassParser.java:175) ~[spring-context-5.3.1.jar:5.3.1]
	... 14 common frames omitted

2021-03-19 12:35:43.396  INFO 4544 --- [main] c.s.aws.dynamodb.web.ApplicationKt       : Starting ApplicationKt using Java 15.0.1 on hp with PID 4544 (C:\Projects\kotlin-peojects\dynamodb-monitoring\web\build\classes\kotlin\main started by siya_srwa in C:\Projects\kotlin-peojects\dynamodb-monitoring\web)
2021-03-19 12:35:43.399  INFO 4544 --- [main] c.s.aws.dynamodb.web.ApplicationKt       : No active profile set, falling back to default profiles: default
2021-03-19 12:35:43.513  WARN 4544 --- [background-preinit] o.s.h.c.j.Jackson2ObjectMapperBuilder    : For Jackson Kotlin classes support please add "com.fasterxml.jackson.module:jackson-module-kotlin" to the classpath
2021-03-19 12:35:43.616  WARN 4544 --- [main] onfigReactiveWebServerApplicationContext : Exception encountered during context initialization - cancelling refresh attempt: org.springframework.beans.factory.BeanDefinitionStoreException: Failed to parse configuration class [com.siyamand.aws.dynamodb.web.Application]; nested exception is java.io.FileNotFoundException: class path resource [com/siyamand/aws/dynamodb/infrastructure/config/InfrastructureConfiguration.class] cannot be opened because it does not exist
2021-03-19 12:35:43.638 ERROR 4544 --- [main] o.s.boot.SpringApplication               : Application run failed

org.springframework.beans.factory.BeanDefinitionStoreException: Failed to parse configuration class [com.siyamand.aws.dynamodb.web.Application]; nested exception is java.io.FileNotFoundException: class path resource [com/siyamand/aws/dynamodb/infrastructure/config/InfrastructureConfiguration.class] cannot be opened because it does not exist
	at org.springframework.context.annotation.ConfigurationClassParser.parse(ConfigurationClassParser.java:189) ~[spring-context-5.3.1.jar:5.3.1]
	at org.springframework.context.annotation.ConfigurationClassPostProcessor.processConfigBeanDefinitions(ConfigurationClassPostProcessor.java:336) ~[spring-context-5.3.1.jar:5.3.1]
	at org.springframework.context.annotation.ConfigurationClassPostProcessor.postProcessBeanDefinitionRegistry(ConfigurationClassPostProcessor.java:252) ~[spring-context-5.3.1.jar:5.3.1]
	at org.springframework.context.support.PostProcessorRegistrationDelegate.invokeBeanDefinitionRegistryPostProcessors(PostProcessorRegistrationDelegate.java:285) ~[spring-context-5.3.1.jar:5.3.1]
	at org.springframework.context.support.PostProcessorRegistrationDelegate.invokeBeanFactoryPostProcessors(PostProcessorRegistrationDelegate.java:99) ~[spring-context-5.3.1.jar:5.3.1]
	at org.springframework.context.support.AbstractApplicationContext.invokeBeanFactoryPostProcessors(AbstractApplicationContext.java:751) ~[spring-context-5.3.1.jar:5.3.1]
	at org.springframework.context.support.AbstractApplicationContext.refresh(AbstractApplicationContext.java:569) ~[spring-context-5.3.1.jar:5.3.1]
	at org.springframework.boot.web.reactive.context.ReactiveWebServerApplicationContext.refresh(ReactiveWebServerApplicationContext.java:63) ~[spring-boot-2.4.0.jar:2.4.0]
	at org.springframework.boot.SpringApplication.refresh(SpringApplication.java:767) ~[spring-boot-2.4.0.jar:2.4.0]
	at org.springframework.boot.SpringApplication.refresh(SpringApplication.java:759) ~[spring-boot-2.4.0.jar:2.4.0]
	at org.springframework.boot.SpringApplication.refreshContext(SpringApplication.java:426) ~[spring-boot-2.4.0.jar:2.4.0]
	at org.springframework.boot.SpringApplication.run(SpringApplication.java:326) ~[spring-boot-2.4.0.jar:2.4.0]
	at org.springframework.boot.SpringApplication.run(SpringApplication.java:1309) ~[spring-boot-2.4.0.jar:2.4.0]
	at org.springframework.boot.SpringApplication.run(SpringApplication.java:1298) ~[spring-boot-2.4.0.jar:2.4.0]
	at com.siyamand.aws.dynamodb.web.ApplicationKt.main(Application.kt:19) ~[main/:na]
Caused by: java.io.FileNotFoundException: class path resource [com/siyamand/aws/dynamodb/infrastructure/config/InfrastructureConfiguration.class] cannot be opened because it does not exist
	at org.springframework.core.io.ClassPathResource.getInputStream(ClassPathResource.java:180) ~[spring-core-5.3.1.jar:5.3.1]
	at org.springframework.core.type.classreading.SimpleMetadataReader.getClassReader(SimpleMetadataReader.java:55) ~[spring-core-5.3.1.jar:5.3.1]
	at org.springframework.core.type.classreading.SimpleMetadataReader.<init>(SimpleMetadataReader.java:49) ~[spring-core-5.3.1.jar:5.3.1]
	at org.springframework.core.type.classreading.SimpleMetadataReaderFactory.getMetadataReader(SimpleMetadataReaderFactory.java:103) ~[spring-core-5.3.1.jar:5.3.1]
	at org.springframework.boot.type.classreading.ConcurrentReferenceCachingMetadataReaderFactory.createMetadataReader(ConcurrentReferenceCachingMetadataReaderFactory.java:86) ~[spring-boot-2.4.0.jar:2.4.0]
	at org.springframework.boot.type.classreading.ConcurrentReferenceCachingMetadataReaderFactory.getMetadataReader(ConcurrentReferenceCachingMetadataReaderFactory.java:73) ~[spring-boot-2.4.0.jar:2.4.0]
	at org.springframework.core.type.classreading.SimpleMetadataReaderFactory.getMetadataReader(SimpleMetadataReaderFactory.java:81) ~[spring-core-5.3.1.jar:5.3.1]
	at org.springframework.context.annotation.ConfigurationClassParser.asSourceClass(ConfigurationClassParser.java:696) ~[spring-context-5.3.1.jar:5.3.1]
	at org.springframework.context.annotation.ConfigurationClassParser$SourceClass.getRelated(ConfigurationClassParser.java:1090) ~[spring-context-5.3.1.jar:5.3.1]
	at org.springframework.context.annotation.ConfigurationClassParser$SourceClass.getAnnotationAttributes(ConfigurationClassParser.java:1071) ~[spring-context-5.3.1.jar:5.3.1]
	at org.springframework.context.annotation.ConfigurationClassParser.collectImports(ConfigurationClassParser.java:549) ~[spring-context-5.3.1.jar:5.3.1]
	at org.springframework.context.annotation.ConfigurationClassParser.getImports(ConfigurationClassParser.java:522) ~[spring-context-5.3.1.jar:5.3.1]
	at org.springframework.context.annotation.ConfigurationClassParser.doProcessConfigurationClass(ConfigurationClassParser.java:311) ~[spring-context-5.3.1.jar:5.3.1]
	at org.springframework.context.annotation.ConfigurationClassParser.processConfigurationClass(ConfigurationClassParser.java:250) ~[spring-context-5.3.1.jar:5.3.1]
	at org.springframework.context.annotation.ConfigurationClassParser.parse(ConfigurationClassParser.java:207) ~[spring-context-5.3.1.jar:5.3.1]
	at org.springframework.context.annotation.ConfigurationClassParser.parse(ConfigurationClassParser.java:175) ~[spring-context-5.3.1.jar:5.3.1]
	... 14 common frames omitted

2021-03-19 12:35:58.927  INFO 8044 --- [main] c.s.aws.dynamodb.web.ApplicationKt       : Starting ApplicationKt using Java 15.0.1 on hp with PID 8044 (C:\Projects\kotlin-peojects\dynamodb-monitoring\web\build\classes\kotlin\main started by siya_srwa in C:\Projects\kotlin-peojects\dynamodb-monitoring\web)
2021-03-19 12:35:58.930  INFO 8044 --- [main] c.s.aws.dynamodb.web.ApplicationKt       : No active profile set, falling back to default profiles: default
2021-03-19 12:35:59.043  WARN 8044 --- [background-preinit] o.s.h.c.j.Jackson2ObjectMapperBuilder    : For Jackson Kotlin classes support please add "com.fasterxml.jackson.module:jackson-module-kotlin" to the classpath
2021-03-19 12:35:59.138  WARN 8044 --- [main] onfigReactiveWebServerApplicationContext : Exception encountered during context initialization - cancelling refresh attempt: org.springframework.beans.factory.BeanDefinitionStoreException: Failed to parse configuration class [com.siyamand.aws.dynamodb.web.Application]; nested exception is java.io.FileNotFoundException: class path resource [com/siyamand/aws/dynamodb/infrastructure/config/InfrastructureConfiguration.class] cannot be opened because it does not exist
2021-03-19 12:35:59.160 ERROR 8044 --- [main] o.s.boot.SpringApplication               : Application run failed

org.springframework.beans.factory.BeanDefinitionStoreException: Failed to parse configuration class [com.siyamand.aws.dynamodb.web.Application]; nested exception is java.io.FileNotFoundException: class path resource [com/siyamand/aws/dynamodb/infrastructure/config/InfrastructureConfiguration.class] cannot be opened because it does not exist
	at org.springframework.context.annotation.ConfigurationClassParser.parse(ConfigurationClassParser.java:189) ~[spring-context-5.3.1.jar:5.3.1]
	at org.springframework.context.annotation.ConfigurationClassPostProcessor.processConfigBeanDefinitions(ConfigurationClassPostProcessor.java:336) ~[spring-context-5.3.1.jar:5.3.1]
	at org.springframework.context.annotation.ConfigurationClassPostProcessor.postProcessBeanDefinitionRegistry(ConfigurationClassPostProcessor.java:252) ~[spring-context-5.3.1.jar:5.3.1]
	at org.springframework.context.support.PostProcessorRegistrationDelegate.invokeBeanDefinitionRegistryPostProcessors(PostProcessorRegistrationDelegate.java:285) ~[spring-context-5.3.1.jar:5.3.1]
	at org.springframework.context.support.PostProcessorRegistrationDelegate.invokeBeanFactoryPostProcessors(PostProcessorRegistrationDelegate.java:99) ~[spring-context-5.3.1.jar:5.3.1]
	at org.springframework.context.support.AbstractApplicationContext.invokeBeanFactoryPostProcessors(AbstractApplicationContext.java:751) ~[spring-context-5.3.1.jar:5.3.1]
	at org.springframework.context.support.AbstractApplicationContext.refresh(AbstractApplicationContext.java:569) ~[spring-context-5.3.1.jar:5.3.1]
	at org.springframework.boot.web.reactive.context.ReactiveWebServerApplicationContext.refresh(ReactiveWebServerApplicationContext.java:63) ~[spring-boot-2.4.0.jar:2.4.0]
	at org.springframework.boot.SpringApplication.refresh(SpringApplication.java:767) ~[spring-boot-2.4.0.jar:2.4.0]
	at org.springframework.boot.SpringApplication.refresh(SpringApplication.java:759) ~[spring-boot-2.4.0.jar:2.4.0]
	at org.springframework.boot.SpringApplication.refreshContext(SpringApplication.java:426) ~[spring-boot-2.4.0.jar:2.4.0]
	at org.springframework.boot.SpringApplication.run(SpringApplication.java:326) ~[spring-boot-2.4.0.jar:2.4.0]
	at org.springframework.boot.SpringApplication.run(SpringApplication.java:1309) ~[spring-boot-2.4.0.jar:2.4.0]
	at org.springframework.boot.SpringApplication.run(SpringApplication.java:1298) ~[spring-boot-2.4.0.jar:2.4.0]
	at com.siyamand.aws.dynamodb.web.ApplicationKt.main(Application.kt:19) ~[main/:na]
Caused by: java.io.FileNotFoundException: class path resource [com/siyamand/aws/dynamodb/infrastructure/config/InfrastructureConfiguration.class] cannot be opened because it does not exist
	at org.springframework.core.io.ClassPathResource.getInputStream(ClassPathResource.java:180) ~[spring-core-5.3.1.jar:5.3.1]
	at org.springframework.core.type.classreading.SimpleMetadataReader.getClassReader(SimpleMetadataReader.java:55) ~[spring-core-5.3.1.jar:5.3.1]
	at org.springframework.core.type.classreading.SimpleMetadataReader.<init>(SimpleMetadataReader.java:49) ~[spring-core-5.3.1.jar:5.3.1]
	at org.springframework.core.type.classreading.SimpleMetadataReaderFactory.getMetadataReader(SimpleMetadataReaderFactory.java:103) ~[spring-core-5.3.1.jar:5.3.1]
	at org.springframework.boot.type.classreading.ConcurrentReferenceCachingMetadataReaderFactory.createMetadataReader(ConcurrentReferenceCachingMetadataReaderFactory.java:86) ~[spring-boot-2.4.0.jar:2.4.0]
	at org.springframework.boot.type.classreading.ConcurrentReferenceCachingMetadataReaderFactory.getMetadataReader(ConcurrentReferenceCachingMetadataReaderFactory.java:73) ~[spring-boot-2.4.0.jar:2.4.0]
	at org.springframework.core.type.classreading.SimpleMetadataReaderFactory.getMetadataReader(SimpleMetadataReaderFactory.java:81) ~[spring-core-5.3.1.jar:5.3.1]
	at org.springframework.context.annotation.ConfigurationClassParser.asSourceClass(ConfigurationClassParser.java:696) ~[spring-context-5.3.1.jar:5.3.1]
	at org.springframework.context.annotation.ConfigurationClassParser$SourceClass.getRelated(ConfigurationClassParser.java:1090) ~[spring-context-5.3.1.jar:5.3.1]
	at org.springframework.context.annotation.ConfigurationClassParser$SourceClass.getAnnotationAttributes(ConfigurationClassParser.java:1071) ~[spring-context-5.3.1.jar:5.3.1]
	at org.springframework.context.annotation.ConfigurationClassParser.collectImports(ConfigurationClassParser.java:549) ~[spring-context-5.3.1.jar:5.3.1]
	at org.springframework.context.annotation.ConfigurationClassParser.getImports(ConfigurationClassParser.java:522) ~[spring-context-5.3.1.jar:5.3.1]
	at org.springframework.context.annotation.ConfigurationClassParser.doProcessConfigurationClass(ConfigurationClassParser.java:311) ~[spring-context-5.3.1.jar:5.3.1]
	at org.springframework.context.annotation.ConfigurationClassParser.processConfigurationClass(ConfigurationClassParser.java:250) ~[spring-context-5.3.1.jar:5.3.1]
	at org.springframework.context.annotation.ConfigurationClassParser.parse(ConfigurationClassParser.java:207) ~[spring-context-5.3.1.jar:5.3.1]
	at org.springframework.context.annotation.ConfigurationClassParser.parse(ConfigurationClassParser.java:175) ~[spring-context-5.3.1.jar:5.3.1]
	... 14 common frames omitted

2021-03-19 12:38:51.738  INFO 18124 --- [main] c.s.aws.dynamodb.web.ApplicationKt       : Starting ApplicationKt using Java 15.0.1 on hp with PID 18124 (C:\Projects\kotlin-peojects\dynamodb-monitoring\web\build\classes\kotlin\main started by siya_srwa in C:\Projects\kotlin-peojects\dynamodb-monitoring\web)
2021-03-19 12:38:51.741  INFO 18124 --- [main] c.s.aws.dynamodb.web.ApplicationKt       : No active profile set, falling back to default profiles: default
2021-03-19 12:38:51.856  WARN 18124 --- [background-preinit] o.s.h.c.j.Jackson2ObjectMapperBuilder    : For Jackson Kotlin classes support please add "com.fasterxml.jackson.module:jackson-module-kotlin" to the classpath
2021-03-19 12:38:51.955  WARN 18124 --- [main] onfigReactiveWebServerApplicationContext : Exception encountered during context initialization - cancelling refresh attempt: org.springframework.beans.factory.BeanDefinitionStoreException: Failed to parse configuration class [com.siyamand.aws.dynamodb.web.Application]; nested exception is java.io.FileNotFoundException: class path resource [com/siyamand/aws/dynamodb/infrastructure/config/InfrastructureConfiguration.class] cannot be opened because it does not exist
2021-03-19 12:38:51.977 ERROR 18124 --- [main] o.s.boot.SpringApplication               : Application run failed

org.springframework.beans.factory.BeanDefinitionStoreException: Failed to parse configuration class [com.siyamand.aws.dynamodb.web.Application]; nested exception is java.io.FileNotFoundException: class path resource [com/siyamand/aws/dynamodb/infrastructure/config/InfrastructureConfiguration.class] cannot be opened because it does not exist
	at org.springframework.context.annotation.ConfigurationClassParser.parse(ConfigurationClassParser.java:189) ~[spring-context-5.3.1.jar:5.3.1]
	at org.springframework.context.annotation.ConfigurationClassPostProcessor.processConfigBeanDefinitions(ConfigurationClassPostProcessor.java:336) ~[spring-context-5.3.1.jar:5.3.1]
	at org.springframework.context.annotation.ConfigurationClassPostProcessor.postProcessBeanDefinitionRegistry(ConfigurationClassPostProcessor.java:252) ~[spring-context-5.3.1.jar:5.3.1]
	at org.springframework.context.support.PostProcessorRegistrationDelegate.invokeBeanDefinitionRegistryPostProcessors(PostProcessorRegistrationDelegate.java:285) ~[spring-context-5.3.1.jar:5.3.1]
	at org.springframework.context.support.PostProcessorRegistrationDelegate.invokeBeanFactoryPostProcessors(PostProcessorRegistrationDelegate.java:99) ~[spring-context-5.3.1.jar:5.3.1]
	at org.springframework.context.support.AbstractApplicationContext.invokeBeanFactoryPostProcessors(AbstractApplicationContext.java:751) ~[spring-context-5.3.1.jar:5.3.1]
	at org.springframework.context.support.AbstractApplicationContext.refresh(AbstractApplicationContext.java:569) ~[spring-context-5.3.1.jar:5.3.1]
	at org.springframework.boot.web.reactive.context.ReactiveWebServerApplicationContext.refresh(ReactiveWebServerApplicationContext.java:63) ~[spring-boot-2.4.0.jar:2.4.0]
	at org.springframework.boot.SpringApplication.refresh(SpringApplication.java:767) ~[spring-boot-2.4.0.jar:2.4.0]
	at org.springframework.boot.SpringApplication.refresh(SpringApplication.java:759) ~[spring-boot-2.4.0.jar:2.4.0]
	at org.springframework.boot.SpringApplication.refreshContext(SpringApplication.java:426) ~[spring-boot-2.4.0.jar:2.4.0]
	at org.springframework.boot.SpringApplication.run(SpringApplication.java:326) ~[spring-boot-2.4.0.jar:2.4.0]
	at org.springframework.boot.SpringApplication.run(SpringApplication.java:1309) ~[spring-boot-2.4.0.jar:2.4.0]
	at org.springframework.boot.SpringApplication.run(SpringApplication.java:1298) ~[spring-boot-2.4.0.jar:2.4.0]
	at com.siyamand.aws.dynamodb.web.ApplicationKt.main(Application.kt:19) ~[main/:na]
Caused by: java.io.FileNotFoundException: class path resource [com/siyamand/aws/dynamodb/infrastructure/config/InfrastructureConfiguration.class] cannot be opened because it does not exist
	at org.springframework.core.io.ClassPathResource.getInputStream(ClassPathResource.java:180) ~[spring-core-5.3.1.jar:5.3.1]
	at org.springframework.core.type.classreading.SimpleMetadataReader.getClassReader(SimpleMetadataReader.java:55) ~[spring-core-5.3.1.jar:5.3.1]
	at org.springframework.core.type.classreading.SimpleMetadataReader.<init>(SimpleMetadataReader.java:49) ~[spring-core-5.3.1.jar:5.3.1]
	at org.springframework.core.type.classreading.SimpleMetadataReaderFactory.getMetadataReader(SimpleMetadataReaderFactory.java:103) ~[spring-core-5.3.1.jar:5.3.1]
	at org.springframework.boot.type.classreading.ConcurrentReferenceCachingMetadataReaderFactory.createMetadataReader(ConcurrentReferenceCachingMetadataReaderFactory.java:86) ~[spring-boot-2.4.0.jar:2.4.0]
	at org.springframework.boot.type.classreading.ConcurrentReferenceCachingMetadataReaderFactory.getMetadataReader(ConcurrentReferenceCachingMetadataReaderFactory.java:73) ~[spring-boot-2.4.0.jar:2.4.0]
	at org.springframework.core.type.classreading.SimpleMetadataReaderFactory.getMetadataReader(SimpleMetadataReaderFactory.java:81) ~[spring-core-5.3.1.jar:5.3.1]
	at org.springframework.context.annotation.ConfigurationClassParser.asSourceClass(ConfigurationClassParser.java:696) ~[spring-context-5.3.1.jar:5.3.1]
	at org.springframework.context.annotation.ConfigurationClassParser$SourceClass.getRelated(ConfigurationClassParser.java:1090) ~[spring-context-5.3.1.jar:5.3.1]
	at org.springframework.context.annotation.ConfigurationClassParser$SourceClass.getAnnotationAttributes(ConfigurationClassParser.java:1071) ~[spring-context-5.3.1.jar:5.3.1]
	at org.springframework.context.annotation.ConfigurationClassParser.collectImports(ConfigurationClassParser.java:549) ~[spring-context-5.3.1.jar:5.3.1]
	at org.springframework.context.annotation.ConfigurationClassParser.getImports(ConfigurationClassParser.java:522) ~[spring-context-5.3.1.jar:5.3.1]
	at org.springframework.context.annotation.ConfigurationClassParser.doProcessConfigurationClass(ConfigurationClassParser.java:311) ~[spring-context-5.3.1.jar:5.3.1]
	at org.springframework.context.annotation.ConfigurationClassParser.processConfigurationClass(ConfigurationClassParser.java:250) ~[spring-context-5.3.1.jar:5.3.1]
	at org.springframework.context.annotation.ConfigurationClassParser.parse(ConfigurationClassParser.java:207) ~[spring-context-5.3.1.jar:5.3.1]
	at org.springframework.context.annotation.ConfigurationClassParser.parse(ConfigurationClassParser.java:175) ~[spring-context-5.3.1.jar:5.3.1]
	... 14 common frames omitted

2021-03-19 13:52:36.922  INFO 22376 --- [main] c.s.aws.dynamodb.web.ApplicationKt       : Starting ApplicationKt using Java 15.0.1 on hp with PID 22376 (C:\Projects\kotlin-peojects\dynamodb-monitoring\web\build\classes\kotlin\main started by siya_srwa in C:\Projects\kotlin-peojects\dynamodb-monitoring\web)
2021-03-19 13:52:36.924  INFO 22376 --- [main] c.s.aws.dynamodb.web.ApplicationKt       : No active profile set, falling back to default profiles: default
2021-03-19 13:52:37.053  WARN 22376 --- [background-preinit] o.s.h.c.j.Jackson2ObjectMapperBuilder    : For Jackson Kotlin classes support please add "com.fasterxml.jackson.module:jackson-module-kotlin" to the classpath
2021-03-19 13:52:37.159  WARN 22376 --- [main] onfigReactiveWebServerApplicationContext : Exception encountered during context initialization - cancelling refresh attempt: org.springframework.beans.factory.BeanDefinitionStoreException: Failed to parse configuration class [com.siyamand.aws.dynamodb.web.Application]; nested exception is java.io.FileNotFoundException: class path resource [com/siyamand/aws/dynamodb/infrastructure/config/InfrastructureConfiguration.class] cannot be opened because it does not exist
2021-03-19 13:52:37.184 ERROR 22376 --- [main] o.s.boot.SpringApplication               : Application run failed

org.springframework.beans.factory.BeanDefinitionStoreException: Failed to parse configuration class [com.siyamand.aws.dynamodb.web.Application]; nested exception is java.io.FileNotFoundException: class path resource [com/siyamand/aws/dynamodb/infrastructure/config/InfrastructureConfiguration.class] cannot be opened because it does not exist
	at org.springframework.context.annotation.ConfigurationClassParser.parse(ConfigurationClassParser.java:189) ~[spring-context-5.3.1.jar:5.3.1]
	at org.springframework.context.annotation.ConfigurationClassPostProcessor.processConfigBeanDefinitions(ConfigurationClassPostProcessor.java:336) ~[spring-context-5.3.1.jar:5.3.1]
	at org.springframework.context.annotation.ConfigurationClassPostProcessor.postProcessBeanDefinitionRegistry(ConfigurationClassPostProcessor.java:252) ~[spring-context-5.3.1.jar:5.3.1]
	at org.springframework.context.support.PostProcessorRegistrationDelegate.invokeBeanDefinitionRegistryPostProcessors(PostProcessorRegistrationDelegate.java:285) ~[spring-context-5.3.1.jar:5.3.1]
	at org.springframework.context.support.PostProcessorRegistrationDelegate.invokeBeanFactoryPostProcessors(PostProcessorRegistrationDelegate.java:99) ~[spring-context-5.3.1.jar:5.3.1]
	at org.springframework.context.support.AbstractApplicationContext.invokeBeanFactoryPostProcessors(AbstractApplicationContext.java:751) ~[spring-context-5.3.1.jar:5.3.1]
	at org.springframework.context.support.AbstractApplicationContext.refresh(AbstractApplicationContext.java:569) ~[spring-context-5.3.1.jar:5.3.1]
	at org.springframework.boot.web.reactive.context.ReactiveWebServerApplicationContext.refresh(ReactiveWebServerApplicationContext.java:63) ~[spring-boot-2.4.0.jar:2.4.0]
	at org.springframework.boot.SpringApplication.refresh(SpringApplication.java:767) ~[spring-boot-2.4.0.jar:2.4.0]
	at org.springframework.boot.SpringApplication.refresh(SpringApplication.java:759) ~[spring-boot-2.4.0.jar:2.4.0]
	at org.springframework.boot.SpringApplication.refreshContext(SpringApplication.java:426) ~[spring-boot-2.4.0.jar:2.4.0]
	at org.springframework.boot.SpringApplication.run(SpringApplication.java:326) ~[spring-boot-2.4.0.jar:2.4.0]
	at org.springframework.boot.SpringApplication.run(SpringApplication.java:1309) ~[spring-boot-2.4.0.jar:2.4.0]
	at org.springframework.boot.SpringApplication.run(SpringApplication.java:1298) ~[spring-boot-2.4.0.jar:2.4.0]
	at com.siyamand.aws.dynamodb.web.ApplicationKt.main(Application.kt:19) ~[main/:na]
Caused by: java.io.FileNotFoundException: class path resource [com/siyamand/aws/dynamodb/infrastructure/config/InfrastructureConfiguration.class] cannot be opened because it does not exist
	at org.springframework.core.io.ClassPathResource.getInputStream(ClassPathResource.java:180) ~[spring-core-5.3.1.jar:5.3.1]
	at org.springframework.core.type.classreading.SimpleMetadataReader.getClassReader(SimpleMetadataReader.java:55) ~[spring-core-5.3.1.jar:5.3.1]
	at org.springframework.core.type.classreading.SimpleMetadataReader.<init>(SimpleMetadataReader.java:49) ~[spring-core-5.3.1.jar:5.3.1]
	at org.springframework.core.type.classreading.SimpleMetadataReaderFactory.getMetadataReader(SimpleMetadataReaderFactory.java:103) ~[spring-core-5.3.1.jar:5.3.1]
	at org.springframework.boot.type.classreading.ConcurrentReferenceCachingMetadataReaderFactory.createMetadataReader(ConcurrentReferenceCachingMetadataReaderFactory.java:86) ~[spring-boot-2.4.0.jar:2.4.0]
	at org.springframework.boot.type.classreading.ConcurrentReferenceCachingMetadataReaderFactory.getMetadataReader(ConcurrentReferenceCachingMetadataReaderFactory.java:73) ~[spring-boot-2.4.0.jar:2.4.0]
	at org.springframework.core.type.classreading.SimpleMetadataReaderFactory.getMetadataReader(SimpleMetadataReaderFactory.java:81) ~[spring-core-5.3.1.jar:5.3.1]
	at org.springframework.context.annotation.ConfigurationClassParser.asSourceClass(ConfigurationClassParser.java:696) ~[spring-context-5.3.1.jar:5.3.1]
	at org.springframework.context.annotation.ConfigurationClassParser$SourceClass.getRelated(ConfigurationClassParser.java:1090) ~[spring-context-5.3.1.jar:5.3.1]
	at org.springframework.context.annotation.ConfigurationClassParser$SourceClass.getAnnotationAttributes(ConfigurationClassParser.java:1071) ~[spring-context-5.3.1.jar:5.3.1]
	at org.springframework.context.annotation.ConfigurationClassParser.collectImports(ConfigurationClassParser.java:549) ~[spring-context-5.3.1.jar:5.3.1]
	at org.springframework.context.annotation.ConfigurationClassParser.getImports(ConfigurationClassParser.java:522) ~[spring-context-5.3.1.jar:5.3.1]
	at org.springframework.context.annotation.ConfigurationClassParser.doProcessConfigurationClass(ConfigurationClassParser.java:311) ~[spring-context-5.3.1.jar:5.3.1]
	at org.springframework.context.annotation.ConfigurationClassParser.processConfigurationClass(ConfigurationClassParser.java:250) ~[spring-context-5.3.1.jar:5.3.1]
	at org.springframework.context.annotation.ConfigurationClassParser.parse(ConfigurationClassParser.java:207) ~[spring-context-5.3.1.jar:5.3.1]
	at org.springframework.context.annotation.ConfigurationClassParser.parse(ConfigurationClassParser.java:175) ~[spring-context-5.3.1.jar:5.3.1]
	... 14 common frames omitted

2021-03-19 13:57:06.850  INFO 18320 --- [main] c.s.aws.dynamodb.web.ApplicationKt       : Starting ApplicationKt using Java 15.0.1 on hp with PID 18320 (C:\Projects\kotlin-peojects\dynamodb-monitoring\web\build\classes\kotlin\main started by siya_srwa in C:\Projects\kotlin-peojects\dynamodb-monitoring\web)
2021-03-19 13:57:06.852  INFO 18320 --- [main] c.s.aws.dynamodb.web.ApplicationKt       : No active profile set, falling back to default profiles: default
2021-03-19 13:57:06.965  WARN 18320 --- [background-preinit] o.s.h.c.j.Jackson2ObjectMapperBuilder    : For Jackson Kotlin classes support please add "com.fasterxml.jackson.module:jackson-module-kotlin" to the classpath
2021-03-19 13:57:07.063  WARN 18320 --- [main] onfigReactiveWebServerApplicationContext : Exception encountered during context initialization - cancelling refresh attempt: org.springframework.beans.factory.BeanDefinitionStoreException: Failed to parse configuration class [com.siyamand.aws.dynamodb.web.Application]; nested exception is java.io.FileNotFoundException: class path resource [com/siyamand/aws/dynamodb/infrastructure/config/InfrastructureConfiguration.class] cannot be opened because it does not exist
2021-03-19 13:57:07.086 ERROR 18320 --- [main] o.s.boot.SpringApplication               : Application run failed

org.springframework.beans.factory.BeanDefinitionStoreException: Failed to parse configuration class [com.siyamand.aws.dynamodb.web.Application]; nested exception is java.io.FileNotFoundException: class path resource [com/siyamand/aws/dynamodb/infrastructure/config/InfrastructureConfiguration.class] cannot be opened because it does not exist
	at org.springframework.context.annotation.ConfigurationClassParser.parse(ConfigurationClassParser.java:189) ~[spring-context-5.3.1.jar:5.3.1]
	at org.springframework.context.annotation.ConfigurationClassPostProcessor.processConfigBeanDefinitions(ConfigurationClassPostProcessor.java:336) ~[spring-context-5.3.1.jar:5.3.1]
	at org.springframework.context.annotation.ConfigurationClassPostProcessor.postProcessBeanDefinitionRegistry(ConfigurationClassPostProcessor.java:252) ~[spring-context-5.3.1.jar:5.3.1]
	at org.springframework.context.support.PostProcessorRegistrationDelegate.invokeBeanDefinitionRegistryPostProcessors(PostProcessorRegistrationDelegate.java:285) ~[spring-context-5.3.1.jar:5.3.1]
	at org.springframework.context.support.PostProcessorRegistrationDelegate.invokeBeanFactoryPostProcessors(PostProcessorRegistrationDelegate.java:99) ~[spring-context-5.3.1.jar:5.3.1]
	at org.springframework.context.support.AbstractApplicationContext.invokeBeanFactoryPostProcessors(AbstractApplicationContext.java:751) ~[spring-context-5.3.1.jar:5.3.1]
	at org.springframework.context.support.AbstractApplicationContext.refresh(AbstractApplicationContext.java:569) ~[spring-context-5.3.1.jar:5.3.1]
	at org.springframework.boot.web.reactive.context.ReactiveWebServerApplicationContext.refresh(ReactiveWebServerApplicationContext.java:63) ~[spring-boot-2.4.0.jar:2.4.0]
	at org.springframework.boot.SpringApplication.refresh(SpringApplication.java:767) ~[spring-boot-2.4.0.jar:2.4.0]
	at org.springframework.boot.SpringApplication.refresh(SpringApplication.java:759) ~[spring-boot-2.4.0.jar:2.4.0]
	at org.springframework.boot.SpringApplication.refreshContext(SpringApplication.java:426) ~[spring-boot-2.4.0.jar:2.4.0]
	at org.springframework.boot.SpringApplication.run(SpringApplication.java:326) ~[spring-boot-2.4.0.jar:2.4.0]
	at org.springframework.boot.SpringApplication.run(SpringApplication.java:1309) ~[spring-boot-2.4.0.jar:2.4.0]
	at org.springframework.boot.SpringApplication.run(SpringApplication.java:1298) ~[spring-boot-2.4.0.jar:2.4.0]
	at com.siyamand.aws.dynamodb.web.ApplicationKt.main(Application.kt:19) ~[main/:na]
Caused by: java.io.FileNotFoundException: class path resource [com/siyamand/aws/dynamodb/infrastructure/config/InfrastructureConfiguration.class] cannot be opened because it does not exist
	at org.springframework.core.io.ClassPathResource.getInputStream(ClassPathResource.java:180) ~[spring-core-5.3.1.jar:5.3.1]
	at org.springframework.core.type.classreading.SimpleMetadataReader.getClassReader(SimpleMetadataReader.java:55) ~[spring-core-5.3.1.jar:5.3.1]
	at org.springframework.core.type.classreading.SimpleMetadataReader.<init>(SimpleMetadataReader.java:49) ~[spring-core-5.3.1.jar:5.3.1]
	at org.springframework.core.type.classreading.SimpleMetadataReaderFactory.getMetadataReader(SimpleMetadataReaderFactory.java:103) ~[spring-core-5.3.1.jar:5.3.1]
	at org.springframework.boot.type.classreading.ConcurrentReferenceCachingMetadataReaderFactory.createMetadataReader(ConcurrentReferenceCachingMetadataReaderFactory.java:86) ~[spring-boot-2.4.0.jar:2.4.0]
	at org.springframework.boot.type.classreading.ConcurrentReferenceCachingMetadataReaderFactory.getMetadataReader(ConcurrentReferenceCachingMetadataReaderFactory.java:73) ~[spring-boot-2.4.0.jar:2.4.0]
	at org.springframework.core.type.classreading.SimpleMetadataReaderFactory.getMetadataReader(SimpleMetadataReaderFactory.java:81) ~[spring-core-5.3.1.jar:5.3.1]
	at org.springframework.context.annotation.ConfigurationClassParser.asSourceClass(ConfigurationClassParser.java:696) ~[spring-context-5.3.1.jar:5.3.1]
	at org.springframework.context.annotation.ConfigurationClassParser$SourceClass.getRelated(ConfigurationClassParser.java:1090) ~[spring-context-5.3.1.jar:5.3.1]
	at org.springframework.context.annotation.ConfigurationClassParser$SourceClass.getAnnotationAttributes(ConfigurationClassParser.java:1071) ~[spring-context-5.3.1.jar:5.3.1]
	at org.springframework.context.annotation.ConfigurationClassParser.collectImports(ConfigurationClassParser.java:549) ~[spring-context-5.3.1.jar:5.3.1]
	at org.springframework.context.annotation.ConfigurationClassParser.getImports(ConfigurationClassParser.java:522) ~[spring-context-5.3.1.jar:5.3.1]
	at org.springframework.context.annotation.ConfigurationClassParser.doProcessConfigurationClass(ConfigurationClassParser.java:311) ~[spring-context-5.3.1.jar:5.3.1]
	at org.springframework.context.annotation.ConfigurationClassParser.processConfigurationClass(ConfigurationClassParser.java:250) ~[spring-context-5.3.1.jar:5.3.1]
	at org.springframework.context.annotation.ConfigurationClassParser.parse(ConfigurationClassParser.java:207) ~[spring-context-5.3.1.jar:5.3.1]
	at org.springframework.context.annotation.ConfigurationClassParser.parse(ConfigurationClassParser.java:175) ~[spring-context-5.3.1.jar:5.3.1]
	... 14 common frames omitted

2021-03-19 14:01:30.390  INFO 22808 --- [main] c.s.aws.dynamodb.web.ApplicationKt       : Starting ApplicationKt using Java 11.0.9 on hp with PID 22808 (C:\Projects\kotlin-peojects\dynamodb-monitoring\web\build\classes\kotlin\main started by siya_srwa in C:\Projects\kotlin-peojects\dynamodb-monitoring\web)
2021-03-19 14:01:30.393  INFO 22808 --- [main] c.s.aws.dynamodb.web.ApplicationKt       : No active profile set, falling back to default profiles: default
2021-03-19 14:01:30.471  WARN 22808 --- [background-preinit] o.s.h.c.j.Jackson2ObjectMapperBuilder    : For Jackson Kotlin classes support please add "com.fasterxml.jackson.module:jackson-module-kotlin" to the classpath
2021-03-19 14:01:30.613  WARN 22808 --- [main] onfigReactiveWebServerApplicationContext : Exception encountered during context initialization - cancelling refresh attempt: org.springframework.beans.factory.BeanDefinitionStoreException: Failed to parse configuration class [com.siyamand.aws.dynamodb.web.Application]; nested exception is java.io.FileNotFoundException: class path resource [com/siyamand/aws/dynamodb/infrastructure/config/InfrastructureConfiguration.class] cannot be opened because it does not exist
2021-03-19 14:01:30.643 ERROR 22808 --- [main] o.s.boot.SpringApplication               : Application run failed

org.springframework.beans.factory.BeanDefinitionStoreException: Failed to parse configuration class [com.siyamand.aws.dynamodb.web.Application]; nested exception is java.io.FileNotFoundException: class path resource [com/siyamand/aws/dynamodb/infrastructure/config/InfrastructureConfiguration.class] cannot be opened because it does not exist
	at org.springframework.context.annotation.ConfigurationClassParser.parse(ConfigurationClassParser.java:189) ~[spring-context-5.3.1.jar:5.3.1]
	at org.springframework.context.annotation.ConfigurationClassPostProcessor.processConfigBeanDefinitions(ConfigurationClassPostProcessor.java:336) ~[spring-context-5.3.1.jar:5.3.1]
	at org.springframework.context.annotation.ConfigurationClassPostProcessor.postProcessBeanDefinitionRegistry(ConfigurationClassPostProcessor.java:252) ~[spring-context-5.3.1.jar:5.3.1]
	at org.springframework.context.support.PostProcessorRegistrationDelegate.invokeBeanDefinitionRegistryPostProcessors(PostProcessorRegistrationDelegate.java:285) ~[spring-context-5.3.1.jar:5.3.1]
	at org.springframework.context.support.PostProcessorRegistrationDelegate.invokeBeanFactoryPostProcessors(PostProcessorRegistrationDelegate.java:99) ~[spring-context-5.3.1.jar:5.3.1]
	at org.springframework.context.support.AbstractApplicationContext.invokeBeanFactoryPostProcessors(AbstractApplicationContext.java:751) ~[spring-context-5.3.1.jar:5.3.1]
	at org.springframework.context.support.AbstractApplicationContext.refresh(AbstractApplicationContext.java:569) ~[spring-context-5.3.1.jar:5.3.1]
	at org.springframework.boot.web.reactive.context.ReactiveWebServerApplicationContext.refresh(ReactiveWebServerApplicationContext.java:63) ~[spring-boot-2.4.0.jar:2.4.0]
	at org.springframework.boot.SpringApplication.refresh(SpringApplication.java:767) ~[spring-boot-2.4.0.jar:2.4.0]
	at org.springframework.boot.SpringApplication.refresh(SpringApplication.java:759) ~[spring-boot-2.4.0.jar:2.4.0]
	at org.springframework.boot.SpringApplication.refreshContext(SpringApplication.java:426) ~[spring-boot-2.4.0.jar:2.4.0]
	at org.springframework.boot.SpringApplication.run(SpringApplication.java:326) ~[spring-boot-2.4.0.jar:2.4.0]
	at org.springframework.boot.SpringApplication.run(SpringApplication.java:1309) ~[spring-boot-2.4.0.jar:2.4.0]
	at org.springframework.boot.SpringApplication.run(SpringApplication.java:1298) ~[spring-boot-2.4.0.jar:2.4.0]
	at com.siyamand.aws.dynamodb.web.ApplicationKt.main(Application.kt:19) ~[main/:na]
Caused by: java.io.FileNotFoundException: class path resource [com/siyamand/aws/dynamodb/infrastructure/config/InfrastructureConfiguration.class] cannot be opened because it does not exist
	at org.springframework.core.io.ClassPathResource.getInputStream(ClassPathResource.java:180) ~[spring-core-5.3.1.jar:5.3.1]
	at org.springframework.core.type.classreading.SimpleMetadataReader.getClassReader(SimpleMetadataReader.java:55) ~[spring-core-5.3.1.jar:5.3.1]
	at org.springframework.core.type.classreading.SimpleMetadataReader.<init>(SimpleMetadataReader.java:49) ~[spring-core-5.3.1.jar:5.3.1]
	at org.springframework.core.type.classreading.SimpleMetadataReaderFactory.getMetadataReader(SimpleMetadataReaderFactory.java:103) ~[spring-core-5.3.1.jar:5.3.1]
	at org.springframework.boot.type.classreading.ConcurrentReferenceCachingMetadataReaderFactory.createMetadataReader(ConcurrentReferenceCachingMetadataReaderFactory.java:86) ~[spring-boot-2.4.0.jar:2.4.0]
	at org.springframework.boot.type.classreading.ConcurrentReferenceCachingMetadataReaderFactory.getMetadataReader(ConcurrentReferenceCachingMetadataReaderFactory.java:73) ~[spring-boot-2.4.0.jar:2.4.0]
	at org.springframework.core.type.classreading.SimpleMetadataReaderFactory.getMetadataReader(SimpleMetadataReaderFactory.java:81) ~[spring-core-5.3.1.jar:5.3.1]
	at org.springframework.context.annotation.ConfigurationClassParser.asSourceClass(ConfigurationClassParser.java:696) ~[spring-context-5.3.1.jar:5.3.1]
	at org.springframework.context.annotation.ConfigurationClassParser$SourceClass.getRelated(ConfigurationClassParser.java:1090) ~[spring-context-5.3.1.jar:5.3.1]
	at org.springframework.context.annotation.ConfigurationClassParser$SourceClass.getAnnotationAttributes(ConfigurationClassParser.java:1071) ~[spring-context-5.3.1.jar:5.3.1]
	at org.springframework.context.annotation.ConfigurationClassParser.collectImports(ConfigurationClassParser.java:549) ~[spring-context-5.3.1.jar:5.3.1]
	at org.springframework.context.annotation.ConfigurationClassParser.getImports(ConfigurationClassParser.java:522) ~[spring-context-5.3.1.jar:5.3.1]
	at org.springframework.context.annotation.ConfigurationClassParser.doProcessConfigurationClass(ConfigurationClassParser.java:311) ~[spring-context-5.3.1.jar:5.3.1]
	at org.springframework.context.annotation.ConfigurationClassParser.processConfigurationClass(ConfigurationClassParser.java:250) ~[spring-context-5.3.1.jar:5.3.1]
	at org.springframework.context.annotation.ConfigurationClassParser.parse(ConfigurationClassParser.java:207) ~[spring-context-5.3.1.jar:5.3.1]
	at org.springframework.context.annotation.ConfigurationClassParser.parse(ConfigurationClassParser.java:175) ~[spring-context-5.3.1.jar:5.3.1]
	... 14 common frames omitted

2021-03-19 14:42:23.188  INFO 22308 --- [main] c.s.aws.dynamodb.web.ApplicationKt       : Starting ApplicationKt using Java 15.0.1 on hp with PID 22308 (C:\Projects\kotlin-peojects\dynamodb-monitoring\web\build\classes\kotlin\main started by siya_srwa in C:\Projects\kotlin-peojects\dynamodb-monitoring\web)
2021-03-19 14:42:23.191  INFO 22308 --- [main] c.s.aws.dynamodb.web.ApplicationKt       : No active profile set, falling back to default profiles: default
2021-03-19 14:42:23.302  WARN 22308 --- [background-preinit] o.s.h.c.j.Jackson2ObjectMapperBuilder    : For Jackson Kotlin classes support please add "com.fasterxml.jackson.module:jackson-module-kotlin" to the classpath
2021-03-19 14:42:23.402  WARN 22308 --- [main] onfigReactiveWebServerApplicationContext : Exception encountered during context initialization - cancelling refresh attempt: org.springframework.beans.factory.BeanDefinitionStoreException: Failed to parse configuration class [com.siyamand.aws.dynamodb.web.Application]; nested exception is java.io.FileNotFoundException: class path resource [com/siyamand/aws/dynamodb/infrastructure/config/InfrastructureConfiguration.class] cannot be opened because it does not exist
2021-03-19 14:42:23.424 ERROR 22308 --- [main] o.s.boot.SpringApplication               : Application run failed

org.springframework.beans.factory.BeanDefinitionStoreException: Failed to parse configuration class [com.siyamand.aws.dynamodb.web.Application]; nested exception is java.io.FileNotFoundException: class path resource [com/siyamand/aws/dynamodb/infrastructure/config/InfrastructureConfiguration.class] cannot be opened because it does not exist
	at org.springframework.context.annotation.ConfigurationClassParser.parse(ConfigurationClassParser.java:189) ~[spring-context-5.3.1.jar:5.3.1]
	at org.springframework.context.annotation.ConfigurationClassPostProcessor.processConfigBeanDefinitions(ConfigurationClassPostProcessor.java:336) ~[spring-context-5.3.1.jar:5.3.1]
	at org.springframework.context.annotation.ConfigurationClassPostProcessor.postProcessBeanDefinitionRegistry(ConfigurationClassPostProcessor.java:252) ~[spring-context-5.3.1.jar:5.3.1]
	at org.springframework.context.support.PostProcessorRegistrationDelegate.invokeBeanDefinitionRegistryPostProcessors(PostProcessorRegistrationDelegate.java:285) ~[spring-context-5.3.1.jar:5.3.1]
	at org.springframework.context.support.PostProcessorRegistrationDelegate.invokeBeanFactoryPostProcessors(PostProcessorRegistrationDelegate.java:99) ~[spring-context-5.3.1.jar:5.3.1]
	at org.springframework.context.support.AbstractApplicationContext.invokeBeanFactoryPostProcessors(AbstractApplicationContext.java:751) ~[spring-context-5.3.1.jar:5.3.1]
	at org.springframework.context.support.AbstractApplicationContext.refresh(AbstractApplicationContext.java:569) ~[spring-context-5.3.1.jar:5.3.1]
	at org.springframework.boot.web.reactive.context.ReactiveWebServerApplicationContext.refresh(ReactiveWebServerApplicationContext.java:63) ~[spring-boot-2.4.0.jar:2.4.0]
	at org.springframework.boot.SpringApplication.refresh(SpringApplication.java:767) ~[spring-boot-2.4.0.jar:2.4.0]
	at org.springframework.boot.SpringApplication.refresh(SpringApplication.java:759) ~[spring-boot-2.4.0.jar:2.4.0]
	at org.springframework.boot.SpringApplication.refreshContext(SpringApplication.java:426) ~[spring-boot-2.4.0.jar:2.4.0]
	at org.springframework.boot.SpringApplication.run(SpringApplication.java:326) ~[spring-boot-2.4.0.jar:2.4.0]
	at org.springframework.boot.SpringApplication.run(SpringApplication.java:1309) ~[spring-boot-2.4.0.jar:2.4.0]
	at org.springframework.boot.SpringApplication.run(SpringApplication.java:1298) ~[spring-boot-2.4.0.jar:2.4.0]
	at com.siyamand.aws.dynamodb.web.ApplicationKt.main(Application.kt:19) ~[main/:na]
Caused by: java.io.FileNotFoundException: class path resource [com/siyamand/aws/dynamodb/infrastructure/config/InfrastructureConfiguration.class] cannot be opened because it does not exist
	at org.springframework.core.io.ClassPathResource.getInputStream(ClassPathResource.java:180) ~[spring-core-5.3.1.jar:5.3.1]
	at org.springframework.core.type.classreading.SimpleMetadataReader.getClassReader(SimpleMetadataReader.java:55) ~[spring-core-5.3.1.jar:5.3.1]
	at org.springframework.core.type.classreading.SimpleMetadataReader.<init>(SimpleMetadataReader.java:49) ~[spring-core-5.3.1.jar:5.3.1]
	at org.springframework.core.type.classreading.SimpleMetadataReaderFactory.getMetadataReader(SimpleMetadataReaderFactory.java:103) ~[spring-core-5.3.1.jar:5.3.1]
	at org.springframework.boot.type.classreading.ConcurrentReferenceCachingMetadataReaderFactory.createMetadataReader(ConcurrentReferenceCachingMetadataReaderFactory.java:86) ~[spring-boot-2.4.0.jar:2.4.0]
	at org.springframework.boot.type.classreading.ConcurrentReferenceCachingMetadataReaderFactory.getMetadataReader(ConcurrentReferenceCachingMetadataReaderFactory.java:73) ~[spring-boot-2.4.0.jar:2.4.0]
	at org.springframework.core.type.classreading.SimpleMetadataReaderFactory.getMetadataReader(SimpleMetadataReaderFactory.java:81) ~[spring-core-5.3.1.jar:5.3.1]
	at org.springframework.context.annotation.ConfigurationClassParser.asSourceClass(ConfigurationClassParser.java:696) ~[spring-context-5.3.1.jar:5.3.1]
	at org.springframework.context.annotation.ConfigurationClassParser$SourceClass.getRelated(ConfigurationClassParser.java:1090) ~[spring-context-5.3.1.jar:5.3.1]
	at org.springframework.context.annotation.ConfigurationClassParser$SourceClass.getAnnotationAttributes(ConfigurationClassParser.java:1071) ~[spring-context-5.3.1.jar:5.3.1]
	at org.springframework.context.annotation.ConfigurationClassParser.collectImports(ConfigurationClassParser.java:549) ~[spring-context-5.3.1.jar:5.3.1]
	at org.springframework.context.annotation.ConfigurationClassParser.getImports(ConfigurationClassParser.java:522) ~[spring-context-5.3.1.jar:5.3.1]
	at org.springframework.context.annotation.ConfigurationClassParser.doProcessConfigurationClass(ConfigurationClassParser.java:311) ~[spring-context-5.3.1.jar:5.3.1]
	at org.springframework.context.annotation.ConfigurationClassParser.processConfigurationClass(ConfigurationClassParser.java:250) ~[spring-context-5.3.1.jar:5.3.1]
	at org.springframework.context.annotation.ConfigurationClassParser.parse(ConfigurationClassParser.java:207) ~[spring-context-5.3.1.jar:5.3.1]
	at org.springframework.context.annotation.ConfigurationClassParser.parse(ConfigurationClassParser.java:175) ~[spring-context-5.3.1.jar:5.3.1]
	... 14 common frames omitted

2021-03-19 15:03:47.448  INFO 17264 --- [main] c.s.aws.dynamodb.web.ApplicationKt       : Starting ApplicationKt using Java 15.0.1 on hp with PID 17264 (C:\Projects\kotlin-peojects\dynamodb-monitoring\web\build\classes\kotlin\main started by siya_srwa in C:\Projects\kotlin-peojects\dynamodb-monitoring\web)
2021-03-19 15:03:47.451  INFO 17264 --- [main] c.s.aws.dynamodb.web.ApplicationKt       : No active profile set, falling back to default profiles: default
2021-03-19 15:03:47.565  WARN 17264 --- [background-preinit] o.s.h.c.j.Jackson2ObjectMapperBuilder    : For Jackson Kotlin classes support please add "com.fasterxml.jackson.module:jackson-module-kotlin" to the classpath
2021-03-19 15:03:47.659  WARN 17264 --- [main] onfigReactiveWebServerApplicationContext : Exception encountered during context initialization - cancelling refresh attempt: org.springframework.beans.factory.BeanDefinitionStoreException: Failed to parse configuration class [com.siyamand.aws.dynamodb.web.Application]; nested exception is java.io.FileNotFoundException: class path resource [com/siyamand/aws/dynamodb/infrastructure/config/InfrastructureConfiguration.class] cannot be opened because it does not exist
2021-03-19 15:03:47.681 ERROR 17264 --- [main] o.s.boot.SpringApplication               : Application run failed

org.springframework.beans.factory.BeanDefinitionStoreException: Failed to parse configuration class [com.siyamand.aws.dynamodb.web.Application]; nested exception is java.io.FileNotFoundException: class path resource [com/siyamand/aws/dynamodb/infrastructure/config/InfrastructureConfiguration.class] cannot be opened because it does not exist
	at org.springframework.context.annotation.ConfigurationClassParser.parse(ConfigurationClassParser.java:189) ~[spring-context-5.3.1.jar:5.3.1]
	at org.springframework.context.annotation.ConfigurationClassPostProcessor.processConfigBeanDefinitions(ConfigurationClassPostProcessor.java:336) ~[spring-context-5.3.1.jar:5.3.1]
	at org.springframework.context.annotation.ConfigurationClassPostProcessor.postProcessBeanDefinitionRegistry(ConfigurationClassPostProcessor.java:252) ~[spring-context-5.3.1.jar:5.3.1]
	at org.springframework.context.support.PostProcessorRegistrationDelegate.invokeBeanDefinitionRegistryPostProcessors(PostProcessorRegistrationDelegate.java:285) ~[spring-context-5.3.1.jar:5.3.1]
	at org.springframework.context.support.PostProcessorRegistrationDelegate.invokeBeanFactoryPostProcessors(PostProcessorRegistrationDelegate.java:99) ~[spring-context-5.3.1.jar:5.3.1]
	at org.springframework.context.support.AbstractApplicationContext.invokeBeanFactoryPostProcessors(AbstractApplicationContext.java:751) ~[spring-context-5.3.1.jar:5.3.1]
	at org.springframework.context.support.AbstractApplicationContext.refresh(AbstractApplicationContext.java:569) ~[spring-context-5.3.1.jar:5.3.1]
	at org.springframework.boot.web.reactive.context.ReactiveWebServerApplicationContext.refresh(ReactiveWebServerApplicationContext.java:63) ~[spring-boot-2.4.0.jar:2.4.0]
	at org.springframework.boot.SpringApplication.refresh(SpringApplication.java:767) ~[spring-boot-2.4.0.jar:2.4.0]
	at org.springframework.boot.SpringApplication.refresh(SpringApplication.java:759) ~[spring-boot-2.4.0.jar:2.4.0]
	at org.springframework.boot.SpringApplication.refreshContext(SpringApplication.java:426) ~[spring-boot-2.4.0.jar:2.4.0]
	at org.springframework.boot.SpringApplication.run(SpringApplication.java:326) ~[spring-boot-2.4.0.jar:2.4.0]
	at org.springframework.boot.SpringApplication.run(SpringApplication.java:1309) ~[spring-boot-2.4.0.jar:2.4.0]
	at org.springframework.boot.SpringApplication.run(SpringApplication.java:1298) ~[spring-boot-2.4.0.jar:2.4.0]
	at com.siyamand.aws.dynamodb.web.ApplicationKt.main(Application.kt:19) ~[main/:na]
Caused by: java.io.FileNotFoundException: class path resource [com/siyamand/aws/dynamodb/infrastructure/config/InfrastructureConfiguration.class] cannot be opened because it does not exist
	at org.springframework.core.io.ClassPathResource.getInputStream(ClassPathResource.java:180) ~[spring-core-5.3.1.jar:5.3.1]
	at org.springframework.core.type.classreading.SimpleMetadataReader.getClassReader(SimpleMetadataReader.java:55) ~[spring-core-5.3.1.jar:5.3.1]
	at org.springframework.core.type.classreading.SimpleMetadataReader.<init>(SimpleMetadataReader.java:49) ~[spring-core-5.3.1.jar:5.3.1]
	at org.springframework.core.type.classreading.SimpleMetadataReaderFactory.getMetadataReader(SimpleMetadataReaderFactory.java:103) ~[spring-core-5.3.1.jar:5.3.1]
	at org.springframework.boot.type.classreading.ConcurrentReferenceCachingMetadataReaderFactory.createMetadataReader(ConcurrentReferenceCachingMetadataReaderFactory.java:86) ~[spring-boot-2.4.0.jar:2.4.0]
	at org.springframework.boot.type.classreading.ConcurrentReferenceCachingMetadataReaderFactory.getMetadataReader(ConcurrentReferenceCachingMetadataReaderFactory.java:73) ~[spring-boot-2.4.0.jar:2.4.0]
	at org.springframework.core.type.classreading.SimpleMetadataReaderFactory.getMetadataReader(SimpleMetadataReaderFactory.java:81) ~[spring-core-5.3.1.jar:5.3.1]
	at org.springframework.context.annotation.ConfigurationClassParser.asSourceClass(ConfigurationClassParser.java:696) ~[spring-context-5.3.1.jar:5.3.1]
	at org.springframework.context.annotation.ConfigurationClassParser$SourceClass.getRelated(ConfigurationClassParser.java:1090) ~[spring-context-5.3.1.jar:5.3.1]
	at org.springframework.context.annotation.ConfigurationClassParser$SourceClass.getAnnotationAttributes(ConfigurationClassParser.java:1071) ~[spring-context-5.3.1.jar:5.3.1]
	at org.springframework.context.annotation.ConfigurationClassParser.collectImports(ConfigurationClassParser.java:549) ~[spring-context-5.3.1.jar:5.3.1]
	at org.springframework.context.annotation.ConfigurationClassParser.getImports(ConfigurationClassParser.java:522) ~[spring-context-5.3.1.jar:5.3.1]
	at org.springframework.context.annotation.ConfigurationClassParser.doProcessConfigurationClass(ConfigurationClassParser.java:311) ~[spring-context-5.3.1.jar:5.3.1]
	at org.springframework.context.annotation.ConfigurationClassParser.processConfigurationClass(ConfigurationClassParser.java:250) ~[spring-context-5.3.1.jar:5.3.1]
	at org.springframework.context.annotation.ConfigurationClassParser.parse(ConfigurationClassParser.java:207) ~[spring-context-5.3.1.jar:5.3.1]
	at org.springframework.context.annotation.ConfigurationClassParser.parse(ConfigurationClassParser.java:175) ~[spring-context-5.3.1.jar:5.3.1]
	... 14 common frames omitted

2021-03-19 15:15:06.047  INFO 16508 --- [main] c.s.aws.dynamodb.web.ApplicationKt       : Starting ApplicationKt using Java 15.0.1 on hp with PID 16508 (C:\Projects\kotlin-peojects\dynamodb-monitoring\web\build\classes\kotlin\main started by siya_srwa in C:\Projects\kotlin-peojects\dynamodb-monitoring\web)
2021-03-19 15:15:06.051  INFO 16508 --- [main] c.s.aws.dynamodb.web.ApplicationKt       : No active profile set, falling back to default profiles: default
2021-03-19 15:15:06.164  WARN 16508 --- [background-preinit] o.s.h.c.j.Jackson2ObjectMapperBuilder    : For Jackson Kotlin classes support please add "com.fasterxml.jackson.module:jackson-module-kotlin" to the classpath
2021-03-19 15:15:07.436  INFO 16508 --- [main] o.s.s.c.ThreadPoolTaskScheduler          : Initializing ExecutorService 'taskScheduler'
2021-03-19 15:15:07.910  WARN 16508 --- [main] o.s.b.a.f.FreeMarkerAutoConfiguration    : Cannot find template location(s): [classpath:/templates/] (please add some templates, check your FreeMarker configuration, or set spring.freemarker.checkTemplateLocation=false)
2021-03-19 15:15:07.941  INFO 16508 --- [main] org.quartz.impl.StdSchedulerFactory      : Using default implementation for ThreadExecutor
2021-03-19 15:15:07.954  INFO 16508 --- [main] org.quartz.core.SchedulerSignalerImpl    : Initialized Scheduler Signaller of type: class org.quartz.core.SchedulerSignalerImpl
2021-03-19 15:15:07.954  INFO 16508 --- [main] org.quartz.core.QuartzScheduler          : Quartz Scheduler v.2.3.2 created.
2021-03-19 15:15:07.955  INFO 16508 --- [main] org.quartz.simpl.RAMJobStore             : RAMJobStore initialized.
2021-03-19 15:15:07.956  INFO 16508 --- [main] org.quartz.core.QuartzScheduler          : Scheduler meta-data: Quartz Scheduler (v2.3.2) 'quartzScheduler' with instanceId 'NON_CLUSTERED'
  Scheduler class: 'org.quartz.core.QuartzScheduler' - running locally.
  NOT STARTED.
  Currently in standby mode.
  Number of jobs executed: 0
  Using thread pool 'org.quartz.simpl.SimpleThreadPool' - with 10 threads.
  Using job-store 'org.quartz.simpl.RAMJobStore' - which does not support persistence. and is not clustered.

2021-03-19 15:15:07.957  INFO 16508 --- [main] org.quartz.impl.StdSchedulerFactory      : Quartz scheduler 'quartzScheduler' initialized from an externally provided properties instance.
2021-03-19 15:15:07.957  INFO 16508 --- [main] org.quartz.impl.StdSchedulerFactory      : Quartz scheduler version: 2.3.2
2021-03-19 15:15:07.957  INFO 16508 --- [main] org.quartz.core.QuartzScheduler          : JobFactory set to: org.springframework.scheduling.quartz.SpringBeanJobFactory@1eeb5818
2021-03-19 15:15:08.215  INFO 16508 --- [main] o.s.b.web.embedded.netty.NettyWebServer  : Netty started on port(s): 8080
2021-03-19 15:15:08.217  INFO 16508 --- [main] o.s.s.quartz.SchedulerFactoryBean        : Starting Quartz Scheduler now
2021-03-19 15:15:08.217  INFO 16508 --- [main] org.quartz.core.QuartzScheduler          : Scheduler quartzScheduler_$_NON_CLUSTERED started.
2021-03-19 15:15:08.230  INFO 16508 --- [main] c.s.aws.dynamodb.web.ApplicationKt       : Started ApplicationKt in 2.532 seconds (JVM running for 2.975)
